<?xml version="1.0" encoding="UTF-8"?>
<testsuites name="MySuite" time="214" tests="3" failures="1" errors="0">
   <testsuite name="MySuite" tests="3" failures="1" errors="0" time="214" timestamp="2018-10-23 19:09:06" hostname="DELL - 10.64.1.219" id="Test Suites/MySuite">
      <properties>
         <property name="deviceName" value=""/>
         <property name="devicePlatform" value=""/>
         <property name="logFolder" value="C:\\Users\\DELL\\Katalon Studio\\kr_kat\\Reports\\MySuite\\20181023_190903"/>
         <property name="logFiles" value="C:\\Users\\DELL\\Katalon Studio\\kr_kat\\Reports\\MySuite\\20181023_190903\\execution0.log"/>
         <property name="attachments" value=""/>
         <property name="hostName" value="DELL - 10.64.1.219"/>
         <property name="os" value="Windows 10 64bit"/>
         <property name="katalonVersion" value="5.7.1.1"/>
         <property name="browser" value="Chrome 70.0.3538.67"/>
         <property name="hostAddress" value="10.64.1.219"/>
         <property name="sessionId" value="34211b2ff82a2c4b853f1ac6d47e99e0"/>
         <property name="seleniumVersion" value="3.7.1"/>
         <property name="proxyInformation" value="ProxyInformation{proxyOption=NO_PROXY, proxyServerType=HTTP, password=, proxyServerAddress=, proxyServerPort=0}"/>
         <property name="platform" value="Windows 10"/>
      </properties>
      <testcase name="Test Cases/PageObjects/Common/OpenAppURL" classname="Test Cases/PageObjects/Common/OpenAppURL" status="PASSED">
         <system-out><![CDATA[2018-10-23 19:09:07 - [TEST_CASE][PASSED] - Test Cases/PageObjects/Common/OpenAppURL: Test Cases/PageObjects/Common/OpenAppURL

2018-10-23 19:09:07 - [TEST_STEP][PASSED] - openBrowser: Browser is opened with url: ''

2018-10-23 19:09:11 - [MESSAGE][PASSED] - Browser is opened with url: ''

2018-10-23 19:09:11 - [TEST_STEP][PASSED] - common.RobotX.RoboKeyPressSpecial: common.RobotX.RoboKeyPressSpecial is PASSED

2018-10-23 19:09:11 - [MESSAGE][PASSED] - common.RobotX.RoboKeyPressSpecial is PASSED

2018-10-23 19:09:11 - [TEST_STEP][PASSED] - common.RobotX.RoboKeyPress: common.RobotX.RoboKeyPress is PASSED

2018-10-23 19:09:15 - [MESSAGE][PASSED] - common.RobotX.RoboKeyPress is PASSED

2018-10-23 19:09:15 - [TEST_STEP][PASSED] - common.RobotX.RoboKeyPressSpecial: common.RobotX.RoboKeyPressSpecial is PASSED

2018-10-23 19:09:15 - [MESSAGE][PASSED] - common.RobotX.RoboKeyPressSpecial is PASSED]]></system-out>
         <system-err><![CDATA[]]></system-err>
      </testcase>
      <testcase name="Test Cases/TestCases/Login" classname="Test Cases/TestCases/Login" status="PASSED">
         <system-out><![CDATA[2018-10-23 19:09:15 - [TEST_CASE][PASSED] - Test Cases/TestCases/Login: Test Cases/TestCases/Login

2018-10-23 19:09:15 - [TEST_STEP][PASSED] - callTestCase: Call Test Case 'Test Cases/PageObjects/Login/LoginCompass' successfully

2018-10-23 19:09:15 - [TEST_CASE][PASSED] - Test Cases/PageObjects/Login/LoginCompass: Test Cases/PageObjects/Login/LoginCompass

2018-10-23 19:09:16 - [TEST_STEP][PASSED] - Statement - td = com.kms.katalon.core.testdata.TestDataFactory.findTestData(TestData/Login): Reading excel file with source file 'C:\Users\DELL\Katalon Studio\kr_kat\Data Files\TestData\TestDataFile.xlsx' and sheet name 'LOGIN'

2018-10-23 19:09:16 - [TEST_STEP][PASSED] - Statement - Iterator = CustomKeywords.framework.Framework.GetTestDataMap(td, DID.toString()): framework.Framework.GetTestDataMap is PASSED

2018-10-23 19:09:17 - [MESSAGE][PASSED] - framework.Framework.GetTestDataMap is PASSED

2018-10-23 19:09:17 - [TEST_STEP][PASSED] - Statement - For (def Iteration : Iterator): null

2018-10-23 19:09:17 - [TEST_STEP][PASSED] - Statement - RunTest(Iteration.getValue()): null

2018-10-23 19:09:17 - [TEST_STEP][PASSED] - common.General.sleep: common.General.sleep is PASSED

2018-10-23 19:09:57 - [MESSAGE][PASSED] - common.General.sleep is PASSED

2018-10-23 19:09:57 - [TEST_STEP][PASSED] - common.RobotX.RoboKeyPress: common.RobotX.RoboKeyPress is PASSED

2018-10-23 19:09:58 - [MESSAGE][PASSED] - common.RobotX.RoboKeyPress is PASSED

2018-10-23 19:09:58 - [TEST_STEP][PASSED] - common.RobotX.RoboKeyPressSpecial: common.RobotX.RoboKeyPressSpecial is PASSED

2018-10-23 19:09:58 - [MESSAGE][PASSED] - common.RobotX.RoboKeyPressSpecial is PASSED

2018-10-23 19:09:58 - [TEST_STEP][PASSED] - common.RobotX.RoboKeyPress: common.RobotX.RoboKeyPress is PASSED

2018-10-23 19:09:59 - [MESSAGE][PASSED] - common.RobotX.RoboKeyPress is PASSED

2018-10-23 19:09:59 - [TEST_STEP][PASSED] - common.RobotX.RoboKeyPressSpecial: common.RobotX.RoboKeyPressSpecial is PASSED

2018-10-23 19:09:59 - [MESSAGE][PASSED] - common.RobotX.RoboKeyPressSpecial is PASSED

2018-10-23 19:09:59 - [TEST_STEP][PASSED] - common.General.sleep: common.General.sleep is PASSED

2018-10-23 19:10:39 - [MESSAGE][PASSED] - common.General.sleep is PASSED

2018-10-23 19:10:39 - [MESSAGE][PASSED] - Call Test Case 'Test Cases/PageObjects/Login/LoginCompass' successfully]]></system-out>
         <system-err><![CDATA[]]></system-err>
      </testcase>
      <testcase name="Test Cases/TestCases/Dashboard" classname="Test Cases/TestCases/Dashboard" status="PASSED">
         <system-out><![CDATA[2018-10-23 19:10:39 - [TEST_CASE][PASSED] - Test Cases/TestCases/Dashboard: Test Cases/TestCases/Dashboard

2018-10-23 19:10:39 - [TEST_STEP][PASSED] - callTestCase: Call Test Case 'Test Cases/PageObjects/Dashboard/Dashboard_Header' successfully

2018-10-23 19:10:39 - [TEST_CASE][PASSED] - Test Cases/PageObjects/Dashboard/Dashboard_Header: Test Cases/PageObjects/Dashboard/Dashboard_Header

2018-10-23 19:10:40 - [TEST_STEP][PASSED] - Statement - td = com.kms.katalon.core.testdata.TestDataFactory.findTestData(TestData/Dashboard): Reading excel file with source file 'C:\Users\DELL\Katalon Studio\kr_kat\Data Files\TestData\TestDataFile.xlsx' and sheet name 'DASHBRD'

2018-10-23 19:10:40 - [TEST_STEP][PASSED] - Statement - Iterator = CustomKeywords.framework.Framework.GetTestDataMap(td, DID.toString()): framework.Framework.GetTestDataMap is PASSED

2018-10-23 19:10:40 - [MESSAGE][PASSED] - framework.Framework.GetTestDataMap is PASSED

2018-10-23 19:10:40 - [TEST_STEP][PASSED] - Statement - For (def Iteration : Iterator): null

2018-10-23 19:10:40 - [TEST_STEP][PASSED] - Statement - RunTest(Iteration.getValue()): null

2018-10-23 19:10:40 - [TEST_STEP][PASSED] - delay: Delayed 3 second(s)

2018-10-23 19:10:43 - [MESSAGE][PASSED] - Delayed 3 second(s)

2018-10-23 19:10:43 - [TEST_STEP][PASSED] - common.General.selectListBox: common.General.selectListBox is PASSED

2018-10-23 19:10:58 - [MESSAGE][PASSED] - Delayed 15 second(s)

2018-10-23 19:10:58 - [MESSAGE][PASSED] - Object 'Object Repository/Compass/Dashboard/ddb_plan_year' is clickable

2018-10-23 19:10:58 - [MESSAGE][PASSED] - Object: 'Object Repository/Compass/Dashboard/ddb_plan_year' is clicked on

2018-10-23 19:10:58 - [MESSAGE][PASSED] - Object '' is clickable

2018-10-23 19:10:58 - [MESSAGE][PASSED] - Object: '' is clicked on

2018-10-23 19:10:58 - [MESSAGE][PASSED] - common.General.selectListBox is PASSED

2018-10-23 19:10:58 - [TEST_STEP][PASSED] - common.General.selectListBox: common.General.selectListBox is PASSED

2018-10-23 19:11:13 - [MESSAGE][PASSED] - Delayed 15 second(s)

2018-10-23 19:11:13 - [MESSAGE][PASSED] - Object 'Object Repository/Compass/Dashboard/ddb_customer_plan' is clickable

2018-10-23 19:11:14 - [MESSAGE][PASSED] - Object: 'Object Repository/Compass/Dashboard/ddb_customer_plan' is clicked on

2018-10-23 19:11:14 - [MESSAGE][PASSED] - Object '' is clickable

2018-10-23 19:11:14 - [MESSAGE][PASSED] - Object: '' is clicked on

2018-10-23 19:11:14 - [MESSAGE][PASSED] - common.General.selectListBox is PASSED

2018-10-23 19:11:14 - [TEST_STEP][PASSED] - common.General.selectListBox: common.General.selectListBox is PASSED

2018-10-23 19:11:29 - [MESSAGE][PASSED] - Delayed 15 second(s)

2018-10-23 19:11:29 - [MESSAGE][PASSED] - Object 'Object Repository/Compass/Dashboard/ddb_category' is clickable

2018-10-23 19:11:29 - [MESSAGE][PASSED] - Object: 'Object Repository/Compass/Dashboard/ddb_category' is clicked on

2018-10-23 19:11:29 - [MESSAGE][PASSED] - Object '' is clickable

2018-10-23 19:11:29 - [MESSAGE][PASSED] - Object: '' is clicked on

2018-10-23 19:11:29 - [MESSAGE][PASSED] - common.General.selectListBox is PASSED

2018-10-23 19:11:29 - [TEST_STEP][PASSED] - common.General.selectListBox: common.General.selectListBox is PASSED

2018-10-23 19:11:44 - [MESSAGE][PASSED] - Delayed 15 second(s)

2018-10-23 19:11:44 - [MESSAGE][PASSED] - Object 'Object Repository/Compass/Dashboard/ddb_Customer_AreaName' is clickable

2018-10-23 19:11:44 - [MESSAGE][PASSED] - Object: 'Object Repository/Compass/Dashboard/ddb_Customer_AreaName' is clicked on

2018-10-23 19:11:44 - [MESSAGE][PASSED] - Object '' is clickable

2018-10-23 19:11:44 - [MESSAGE][PASSED] - Object: '' is clicked on

2018-10-23 19:11:44 - [MESSAGE][PASSED] - common.General.selectListBox is PASSED

2018-10-23 19:11:44 - [MESSAGE][PASSED] - Call Test Case 'Test Cases/PageObjects/Dashboard/Dashboard_Header' successfully]]></system-out>
         <system-err><![CDATA[]]></system-err>
      </testcase>
      <testcase name="Test Cases/TestCases/35722" classname="Test Cases/TestCases/35722" status="FAILED">
         <failure type="FAILED" message="(Stack trace: com.kms.katalon.core.exception.StepFailedException: Dialog box is not displayed
	at com.kms.katalon.core.util.KeywordUtil.markFailedAndStop(KeywordUtil.java:24)
	at com.kms.katalon.core.util.KeywordUtil$markFailedAndStop.call(Unknown Source)
	at org.codehaus.groovy.runtime.callsite.CallSiteArray.defaultCall(CallSiteArray.java:48)
	at org.codehaus.groovy.runtime.callsite.AbstractCallSite.call(AbstractCallSite.java:113)
	at org.codehaus.groovy.runtime.callsite.AbstractCallSite.call(AbstractCallSite.java:125)
	at common.General.handleDialogBox(General.groovy:113)
	at sun.reflect.NativeMethodAccessorImpl.invoke0(Native Method)
	at sun.reflect.NativeMethodAccessorImpl.invoke(NativeMethodAccessorImpl.java:62)
	at sun.reflect.DelegatingMethodAccessorImpl.invoke(DelegatingMethodAccessorImpl.java:43)
	at java.lang.reflect.Method.invoke(Method.java:498)
	at org.codehaus.groovy.reflection.CachedMethod.invoke(CachedMethod.java:93)
	at groovy.lang.MetaMethod.doMethodInvoke(MetaMethod.java:325)
	at groovy.lang.MetaClassImpl.invokeMethod(MetaClassImpl.java:1215)
	at groovy.lang.MetaClassImpl.invokeMethod(MetaClassImpl.java:1024)
	at groovy.lang.MetaClassImpl.invokeMethod(MetaClassImpl.java:812)
	at groovy.lang.DelegatingMetaClass.invokeMethod(DelegatingMetaClass.java:144)
	at common.General.invokeMethod(General.groovy)
	at com.kms.katalon.core.main.CustomKeywordDelegatingMetaClass.invokeStaticMethod(CustomKeywordDelegatingMetaClass.java:46)
	at org.codehaus.groovy.runtime.callsite.StaticMetaClassSite.call(StaticMetaClassSite.java:53)
	at org.codehaus.groovy.runtime.callsite.CallSiteArray.defaultCall(CallSiteArray.java:48)
	at org.codehaus.groovy.runtime.callsite.AbstractCallSite.call(AbstractCallSite.java:113)
	at org.codehaus.groovy.runtime.callsite.AbstractCallSite.call(AbstractCallSite.java:149)
	at Script1539954232833.RunTest(Script1539954232833.groovy:30)
	at Script1539954232833$RunTest.callCurrent(Unknown Source)
	at org.codehaus.groovy.runtime.callsite.CallSiteArray.defaultCallCurrent(CallSiteArray.java:52)
	at org.codehaus.groovy.runtime.callsite.AbstractCallSite.callCurrent(AbstractCallSite.java:154)
	at org.codehaus.groovy.runtime.callsite.AbstractCallSite.callCurrent(AbstractCallSite.java:166)
	at Script1539954232833.run(Script1539954232833.groovy:22)
	at com.kms.katalon.core.main.ScriptEngine.run(ScriptEngine.java:183)
	at com.kms.katalon.core.main.ScriptEngine.runScriptAsRawText(ScriptEngine.java:108)
	at com.kms.katalon.core.main.TestCaseExecutor.runScript(TestCaseExecutor.java:294)
	at com.kms.katalon.core.main.TestCaseExecutor.doExecute(TestCaseExecutor.java:285)
	at com.kms.katalon.core.main.TestCaseExecutor.processExecutionPhase(TestCaseExecutor.java:264)
	at com.kms.katalon.core.main.TestCaseExecutor.accessMainPhase(TestCaseExecutor.java:256)
	at com.kms.katalon.core.main.TestCaseExecutor.execute(TestCaseExecutor.java:200)
	at com.kms.katalon.core.main.TestCaseMain.runTestCase(TestCaseMain.java:99)
	at com.kms.katalon.core.keyword.builtin.CallTestCaseKeyword$_callTestCase_closure1.doCall(CallTestCaseKeyword.groovy:60)
	at com.kms.katalon.core.keyword.builtin.CallTestCaseKeyword$_callTestCase_closure1.call(CallTestCaseKeyword.groovy)
	at com.kms.katalon.core.keyword.internal.KeywordMain.runKeyword(KeywordMain.groovy:54)
	at com.kms.katalon.core.keyword.builtin.CallTestCaseKeyword.callTestCase(CallTestCaseKeyword.groovy:81)
	at com.kms.katalon.core.keyword.builtin.CallTestCaseKeyword.execute(CallTestCaseKeyword.groovy:45)
	at com.kms.katalon.core.keyword.internal.KeywordExecutor.executeKeywordForPlatform(KeywordExecutor.groovy:53)
	at com.kms.katalon.core.keyword.BuiltinKeywords.callTestCase(BuiltinKeywords.groovy:334)
	at sun.reflect.NativeMethodAccessorImpl.invoke0(Native Method)
	at sun.reflect.NativeMethodAccessorImpl.invoke(NativeMethodAccessorImpl.java:62)
	at sun.reflect.DelegatingMethodAccessorImpl.invoke(DelegatingMethodAccessorImpl.java:43)
	at java.lang.reflect.Method.invoke(Method.java:498)
	at org.codehaus.groovy.reflection.CachedMethod.invoke(CachedMethod.java:93)
	at groovy.lang.MetaMethod.doMethodInvoke(MetaMethod.java:325)
	at groovy.lang.MetaClassImpl.invokeStaticMethod(MetaClassImpl.java:1469)
	at org.codehaus.groovy.runtime.callsite.StaticMetaClassSite.call(StaticMetaClassSite.java:53)
	at org.codehaus.groovy.runtime.callsite.CallSiteArray.defaultCall(CallSiteArray.java:48)
	at org.codehaus.groovy.runtime.callsite.AbstractCallSite.call(AbstractCallSite.java:113)
	at org.codehaus.groovy.runtime.callsite.AbstractCallSite.call(AbstractCallSite.java:141)
	at Script1539779914263.run(Script1539779914263.groovy:22)
	at com.kms.katalon.core.main.ScriptEngine.run(ScriptEngine.java:183)
	at com.kms.katalon.core.main.ScriptEngine.runScriptAsRawText(ScriptEngine.java:108)
	at com.kms.katalon.core.main.TestCaseExecutor.runScript(TestCaseExecutor.java:294)
	at com.kms.katalon.core.main.TestCaseExecutor.doExecute(TestCaseExecutor.java:285)
	at com.kms.katalon.core.main.TestCaseExecutor.processExecutionPhase(TestCaseExecutor.java:264)
	at com.kms.katalon.core.main.TestCaseExecutor.accessMainPhase(TestCaseExecutor.java:256)
	at com.kms.katalon.core.main.TestCaseExecutor.execute(TestCaseExecutor.java:200)
	at com.kms.katalon.core.main.TestSuiteExecutor.accessTestCaseMainPhase(TestSuiteExecutor.java:129)
	at com.kms.katalon.core.main.TestSuiteExecutor.accessTestSuiteMainPhase(TestSuiteExecutor.java:112)
	at com.kms.katalon.core.main.TestSuiteExecutor.execute(TestSuiteExecutor.java:81)
	at com.kms.katalon.core.main.TestCaseMain.startTestSuite(TestCaseMain.java:142)
	at com.kms.katalon.core.main.TestCaseMain$startTestSuite$0.call(Unknown Source)
	at org.codehaus.groovy.runtime.callsite.CallSiteArray.defaultCall(CallSiteArray.java:48)
	at org.codehaus.groovy.runtime.callsite.AbstractCallSite.call(AbstractCallSite.java:113)
	at org.codehaus.groovy.runtime.callsite.AbstractCallSite.call(AbstractCallSite.java:141)
	at TempTestSuite1540301943705.run(TempTestSuite1540301943705.groovy:36)
	at groovy.lang.GroovyShell.runScriptOrMainOrTestOrRunnable(GroovyShell.java:263)
	at groovy.lang.GroovyShell.run(GroovyShell.java:518)
	at groovy.lang.GroovyShell.run(GroovyShell.java:507)
	at groovy.ui.GroovyMain.processOnce(GroovyMain.java:653)
	at groovy.ui.GroovyMain.run(GroovyMain.java:384)
	at groovy.ui.GroovyMain.process(GroovyMain.java:370)
	at groovy.ui.GroovyMain.processArgs(GroovyMain.java:129)
	at groovy.ui.GroovyMain.main(GroovyMain.java:109)
	at sun.reflect.NativeMethodAccessorImpl.invoke0(Native Method)
	at sun.reflect.NativeMethodAccessorImpl.invoke(NativeMethodAccessorImpl.java:62)
	at sun.reflect.DelegatingMethodAccessorImpl.invoke(DelegatingMethodAccessorImpl.java:43)
	at java.lang.reflect.Method.invoke(Method.java:498)
	at org.codehaus.groovy.tools.GroovyStarter.rootLoader(GroovyStarter.java:109)
	at org.codehaus.groovy.tools.GroovyStarter.main(GroovyStarter.java:131)
)"/>
         <system-out><![CDATA[2018-10-23 19:11:44 - [TEST_CASE][FAILED] - Test Cases/TestCases/35722: Test Cases/TestCases/35722 FAILED because (of) (Stack trace: com.kms.katalon.core.exception.StepFailedException: Dialog box is not displayed
	at com.kms.katalon.core.util.KeywordUtil.markFailedAndStop(KeywordUtil.java:24)
	at com.kms.katalon.core.util.KeywordUtil$markFailedAndStop.call(Unknown Source)
	at org.codehaus.groovy.runtime.callsite.CallSiteArray.defaultCall(CallSiteArray.java:48)
	at org.codehaus.groovy.runtime.callsite.AbstractCallSite.call(AbstractCallSite.java:113)
	at org.codehaus.groovy.runtime.callsite.AbstractCallSite.call(AbstractCallSite.java:125)
	at common.General.handleDialogBox(General.groovy:113)
	at sun.reflect.NativeMethodAccessorImpl.invoke0(Native Method)
	at sun.reflect.NativeMethodAccessorImpl.invoke(NativeMethodAccessorImpl.java:62)
	at sun.reflect.DelegatingMethodAccessorImpl.invoke(DelegatingMethodAccessorImpl.java:43)
	at java.lang.reflect.Method.invoke(Method.java:498)
	at org.codehaus.groovy.reflection.CachedMethod.invoke(CachedMethod.java:93)
	at groovy.lang.MetaMethod.doMethodInvoke(MetaMethod.java:325)
	at groovy.lang.MetaClassImpl.invokeMethod(MetaClassImpl.java:1215)
	at groovy.lang.MetaClassImpl.invokeMethod(MetaClassImpl.java:1024)
	at groovy.lang.MetaClassImpl.invokeMethod(MetaClassImpl.java:812)
	at groovy.lang.DelegatingMetaClass.invokeMethod(DelegatingMetaClass.java:144)
	at common.General.invokeMethod(General.groovy)
	at com.kms.katalon.core.main.CustomKeywordDelegatingMetaClass.invokeStaticMethod(CustomKeywordDelegatingMetaClass.java:46)
	at org.codehaus.groovy.runtime.callsite.StaticMetaClassSite.call(StaticMetaClassSite.java:53)
	at org.codehaus.groovy.runtime.callsite.CallSiteArray.defaultCall(CallSiteArray.java:48)
	at org.codehaus.groovy.runtime.callsite.AbstractCallSite.call(AbstractCallSite.java:113)
	at org.codehaus.groovy.runtime.callsite.AbstractCallSite.call(AbstractCallSite.java:149)
	at Script1539954232833.RunTest(Script1539954232833.groovy:30)
	at Script1539954232833$RunTest.callCurrent(Unknown Source)
	at org.codehaus.groovy.runtime.callsite.CallSiteArray.defaultCallCurrent(CallSiteArray.java:52)
	at org.codehaus.groovy.runtime.callsite.AbstractCallSite.callCurrent(AbstractCallSite.java:154)
	at org.codehaus.groovy.runtime.callsite.AbstractCallSite.callCurrent(AbstractCallSite.java:166)
	at Script1539954232833.run(Script1539954232833.groovy:22)
	at com.kms.katalon.core.main.ScriptEngine.run(ScriptEngine.java:183)
	at com.kms.katalon.core.main.ScriptEngine.runScriptAsRawText(ScriptEngine.java:108)
	at com.kms.katalon.core.main.TestCaseExecutor.runScript(TestCaseExecutor.java:294)
	at com.kms.katalon.core.main.TestCaseExecutor.doExecute(TestCaseExecutor.java:285)
	at com.kms.katalon.core.main.TestCaseExecutor.processExecutionPhase(TestCaseExecutor.java:264)
	at com.kms.katalon.core.main.TestCaseExecutor.accessMainPhase(TestCaseExecutor.java:256)
	at com.kms.katalon.core.main.TestCaseExecutor.execute(TestCaseExecutor.java:200)
	at com.kms.katalon.core.main.TestCaseMain.runTestCase(TestCaseMain.java:99)
	at com.kms.katalon.core.keyword.builtin.CallTestCaseKeyword$_callTestCase_closure1.doCall(CallTestCaseKeyword.groovy:60)
	at com.kms.katalon.core.keyword.builtin.CallTestCaseKeyword$_callTestCase_closure1.call(CallTestCaseKeyword.groovy)
	at com.kms.katalon.core.keyword.internal.KeywordMain.runKeyword(KeywordMain.groovy:54)
	at com.kms.katalon.core.keyword.builtin.CallTestCaseKeyword.callTestCase(CallTestCaseKeyword.groovy:81)
	at com.kms.katalon.core.keyword.builtin.CallTestCaseKeyword.execute(CallTestCaseKeyword.groovy:45)
	at com.kms.katalon.core.keyword.internal.KeywordExecutor.executeKeywordForPlatform(KeywordExecutor.groovy:53)
	at com.kms.katalon.core.keyword.BuiltinKeywords.callTestCase(BuiltinKeywords.groovy:334)
	at sun.reflect.NativeMethodAccessorImpl.invoke0(Native Method)
	at sun.reflect.NativeMethodAccessorImpl.invoke(NativeMethodAccessorImpl.java:62)
	at sun.reflect.DelegatingMethodAccessorImpl.invoke(DelegatingMethodAccessorImpl.java:43)
	at java.lang.reflect.Method.invoke(Method.java:498)
	at org.codehaus.groovy.reflection.CachedMethod.invoke(CachedMethod.java:93)
	at groovy.lang.MetaMethod.doMethodInvoke(MetaMethod.java:325)
	at groovy.lang.MetaClassImpl.invokeStaticMethod(MetaClassImpl.java:1469)
	at org.codehaus.groovy.runtime.callsite.StaticMetaClassSite.call(StaticMetaClassSite.java:53)
	at org.codehaus.groovy.runtime.callsite.CallSiteArray.defaultCall(CallSiteArray.java:48)
	at org.codehaus.groovy.runtime.callsite.AbstractCallSite.call(AbstractCallSite.java:113)
	at org.codehaus.groovy.runtime.callsite.AbstractCallSite.call(AbstractCallSite.java:141)
	at Script1539779914263.run(Script1539779914263.groovy:22)
	at com.kms.katalon.core.main.ScriptEngine.run(ScriptEngine.java:183)
	at com.kms.katalon.core.main.ScriptEngine.runScriptAsRawText(ScriptEngine.java:108)
	at com.kms.katalon.core.main.TestCaseExecutor.runScript(TestCaseExecutor.java:294)
	at com.kms.katalon.core.main.TestCaseExecutor.doExecute(TestCaseExecutor.java:285)
	at com.kms.katalon.core.main.TestCaseExecutor.processExecutionPhase(TestCaseExecutor.java:264)
	at com.kms.katalon.core.main.TestCaseExecutor.accessMainPhase(TestCaseExecutor.java:256)
	at com.kms.katalon.core.main.TestCaseExecutor.execute(TestCaseExecutor.java:200)
	at com.kms.katalon.core.main.TestSuiteExecutor.accessTestCaseMainPhase(TestSuiteExecutor.java:129)
	at com.kms.katalon.core.main.TestSuiteExecutor.accessTestSuiteMainPhase(TestSuiteExecutor.java:112)
	at com.kms.katalon.core.main.TestSuiteExecutor.execute(TestSuiteExecutor.java:81)
	at com.kms.katalon.core.main.TestCaseMain.startTestSuite(TestCaseMain.java:142)
	at com.kms.katalon.core.main.TestCaseMain$startTestSuite$0.call(Unknown Source)
	at org.codehaus.groovy.runtime.callsite.CallSiteArray.defaultCall(CallSiteArray.java:48)
	at org.codehaus.groovy.runtime.callsite.AbstractCallSite.call(AbstractCallSite.java:113)
	at org.codehaus.groovy.runtime.callsite.AbstractCallSite.call(AbstractCallSite.java:141)
	at TempTestSuite1540301943705.run(TempTestSuite1540301943705.groovy:36)
	at groovy.lang.GroovyShell.runScriptOrMainOrTestOrRunnable(GroovyShell.java:263)
	at groovy.lang.GroovyShell.run(GroovyShell.java:518)
	at groovy.lang.GroovyShell.run(GroovyShell.java:507)
	at groovy.ui.GroovyMain.processOnce(GroovyMain.java:653)
	at groovy.ui.GroovyMain.run(GroovyMain.java:384)
	at groovy.ui.GroovyMain.process(GroovyMain.java:370)
	at groovy.ui.GroovyMain.processArgs(GroovyMain.java:129)
	at groovy.ui.GroovyMain.main(GroovyMain.java:109)
	at sun.reflect.NativeMethodAccessorImpl.invoke0(Native Method)
	at sun.reflect.NativeMethodAccessorImpl.invoke(NativeMethodAccessorImpl.java:62)
	at sun.reflect.DelegatingMethodAccessorImpl.invoke(DelegatingMethodAccessorImpl.java:43)
	at java.lang.reflect.Method.invoke(Method.java:498)
	at org.codehaus.groovy.tools.GroovyStarter.rootLoader(GroovyStarter.java:109)
	at org.codehaus.groovy.tools.GroovyStarter.main(GroovyStarter.java:131)
)

2018-10-23 19:11:45 - [TEST_STEP][PASSED] - waitForJQueryLoad: jQuery is ready.

2018-10-23 19:11:45 - [MESSAGE][PASSED] - jQuery is ready.

2018-10-23 19:11:45 - [TEST_STEP][PASSED] - callTestCase: Call Test Case 'Test Cases/PageObjects/Common/Hamburg_Click' successfully

2018-10-23 19:11:45 - [TEST_CASE][PASSED] - Test Cases/PageObjects/Common/Hamburg_Click: Test Cases/PageObjects/Common/Hamburg_Click

2018-10-23 19:11:45 - [TEST_STEP][PASSED] - Statement - td = com.kms.katalon.core.testdata.TestDataFactory.findTestData(TestData/Navigation): Reading excel file with source file 'C:\Users\DELL\Katalon Studio\kr_kat\Data Files\TestData\TestDataFile.xlsx' and sheet name 'NAVIGATION'

2018-10-23 19:11:45 - [TEST_STEP][PASSED] - Statement - Iterator = CustomKeywords.framework.Framework.GetTestDataMap(td, DID.toString()): framework.Framework.GetTestDataMap is PASSED

2018-10-23 19:11:45 - [MESSAGE][PASSED] - framework.Framework.GetTestDataMap is PASSED

2018-10-23 19:11:45 - [TEST_STEP][PASSED] - Statement - For (def Iteration : Iterator): null

2018-10-23 19:11:45 - [TEST_STEP][PASSED] - Statement - RunTest(Iteration.getValue()): null

2018-10-23 19:11:45 - [TEST_STEP][PASSED] - common.General.clickNavigation: common.General.clickNavigation is PASSED

2018-10-23 19:11:45 - [MESSAGE][PASSED] - Object 'Object Repository/Compass/Hamburg/btn_hamburg' is present

2018-10-23 19:11:45 - [MESSAGE][PASSED] - Object: 'Object Repository/Compass/Hamburg/btn_hamburg' is clicked on

2018-10-23 19:11:45 - [MESSAGE][PASSED] - Object '' is present

2018-10-23 19:11:46 - [MESSAGE][PASSED] - Object: '' is clicked on

2018-10-23 19:11:46 - [MESSAGE][PASSED] - common.General.clickNavigation is PASSED

2018-10-23 19:11:46 - [MESSAGE][PASSED] - Call Test Case 'Test Cases/PageObjects/Common/Hamburg_Click' successfully

2018-10-23 19:11:46 - [TEST_STEP][PASSED] - callTestCase: Call Test Case 'Test Cases/PageObjects/AccountPlanner/AccountPlanner_Header' successfully

2018-10-23 19:11:46 - [TEST_CASE][PASSED] - Test Cases/PageObjects/AccountPlanner/AccountPlanner_Header: Test Cases/PageObjects/AccountPlanner/AccountPlanner_Header

2018-10-23 19:11:46 - [TEST_STEP][PASSED] - Statement - td = com.kms.katalon.core.testdata.TestDataFactory.findTestData(TestData/AccountPlanner): Reading excel file with source file 'C:\Users\DELL\Katalon Studio\kr_kat\Data Files\TestData\TestDataFile.xlsx' and sheet name 'ACC_PLANNER'

2018-10-23 19:11:46 - [TEST_STEP][PASSED] - Statement - Iterator = CustomKeywords.framework.Framework.GetTestDataMap(td, DID.toString()): framework.Framework.GetTestDataMap is PASSED

2018-10-23 19:11:46 - [MESSAGE][PASSED] - framework.Framework.GetTestDataMap is PASSED

2018-10-23 19:11:46 - [TEST_STEP][PASSED] - Statement - For (def Iteration : Iterator): null

2018-10-23 19:11:46 - [TEST_STEP][PASSED] - Statement - RunTest(Iteration.getValue()): null

2018-10-23 19:11:46 - [TEST_STEP][PASSED] - common.General.handleDialogBox: common.General.handleDialogBox is PASSED

2018-10-23 19:11:53 - [MESSAGE][PASSED] - Object: '' is clicked on

2018-10-23 19:11:53 - [MESSAGE][PASSED] - common.General.handleDialogBox is PASSED

2018-10-23 19:11:53 - [TEST_STEP][PASSED] - common.General.selectListBox: common.General.selectListBox is PASSED

2018-10-23 19:12:08 - [MESSAGE][PASSED] - Delayed 15 second(s)

2018-10-23 19:12:08 - [MESSAGE][PASSED] - Object 'Object Repository/Compass/AccountPlaner/ddb_plan_year' is clickable

2018-10-23 19:12:08 - [MESSAGE][PASSED] - Object: 'Object Repository/Compass/AccountPlaner/ddb_plan_year' is clicked on

2018-10-23 19:12:08 - [MESSAGE][PASSED] - Object '' is clickable

2018-10-23 19:12:08 - [MESSAGE][PASSED] - Object: '' is clicked on

2018-10-23 19:12:08 - [MESSAGE][PASSED] - common.General.selectListBox is PASSED

2018-10-23 19:12:08 - [TEST_STEP][PASSED] - common.General.selectListBox: common.General.selectListBox is PASSED

2018-10-23 19:12:23 - [MESSAGE][PASSED] - Delayed 15 second(s)

2018-10-23 19:12:23 - [MESSAGE][PASSED] - Object 'Object Repository/Compass/AccountPlaner/ddb_customer_plan' is clickable

2018-10-23 19:12:23 - [MESSAGE][PASSED] - Object: 'Object Repository/Compass/AccountPlaner/ddb_customer_plan' is clicked on

2018-10-23 19:12:23 - [MESSAGE][PASSED] - Object '' is clickable

2018-10-23 19:12:23 - [MESSAGE][PASSED] - Object: '' is clicked on

2018-10-23 19:12:23 - [MESSAGE][PASSED] - common.General.selectListBox is PASSED

2018-10-23 19:12:23 - [TEST_STEP][PASSED] - common.General.selectListBox: common.General.selectListBox is PASSED

2018-10-23 19:12:23 - [MESSAGE][PASSED] - common.General.selectListBox is PASSED

2018-10-23 19:12:23 - [TEST_STEP][PASSED] - common.General.selectListBox: common.General.selectListBox is PASSED

2018-10-23 19:12:24 - [MESSAGE][PASSED] - common.General.selectListBox is PASSED

2018-10-23 19:12:24 - [MESSAGE][PASSED] - Call Test Case 'Test Cases/PageObjects/AccountPlanner/AccountPlanner_Header' successfully

2018-10-23 19:12:24 - [TEST_STEP][FAILED] - callTestCase: Unable to call Test Case with id 'Test Cases/PageObjects/AccountPlanner/AccountPlanner_Product_Selection' (Root cause: Call Test Case 'Test Cases/PageObjects/AccountPlanner/AccountPlanner_Product_Selection' failed)

2018-10-23 19:12:24 - [TEST_CASE][FAILED] - Test Cases/PageObjects/AccountPlanner/AccountPlanner_Product_Selection: Test Cases/PageObjects/AccountPlanner/AccountPlanner_Product_Selection FAILED because (of) (Stack trace: com.kms.katalon.core.exception.StepFailedException: Dialog box is not displayed
	at com.kms.katalon.core.util.KeywordUtil.markFailedAndStop(KeywordUtil.java:24)
	at com.kms.katalon.core.util.KeywordUtil$markFailedAndStop.call(Unknown Source)
	at org.codehaus.groovy.runtime.callsite.CallSiteArray.defaultCall(CallSiteArray.java:48)
	at org.codehaus.groovy.runtime.callsite.AbstractCallSite.call(AbstractCallSite.java:113)
	at org.codehaus.groovy.runtime.callsite.AbstractCallSite.call(AbstractCallSite.java:125)
	at common.General.handleDialogBox(General.groovy:113)
	at sun.reflect.NativeMethodAccessorImpl.invoke0(Native Method)
	at sun.reflect.NativeMethodAccessorImpl.invoke(NativeMethodAccessorImpl.java:62)
	at sun.reflect.DelegatingMethodAccessorImpl.invoke(DelegatingMethodAccessorImpl.java:43)
	at java.lang.reflect.Method.invoke(Method.java:498)
	at org.codehaus.groovy.reflection.CachedMethod.invoke(CachedMethod.java:93)
	at groovy.lang.MetaMethod.doMethodInvoke(MetaMethod.java:325)
	at groovy.lang.MetaClassImpl.invokeMethod(MetaClassImpl.java:1215)
	at groovy.lang.MetaClassImpl.invokeMethod(MetaClassImpl.java:1024)
	at groovy.lang.MetaClassImpl.invokeMethod(MetaClassImpl.java:812)
	at groovy.lang.DelegatingMetaClass.invokeMethod(DelegatingMetaClass.java:144)
	at common.General.invokeMethod(General.groovy)
	at com.kms.katalon.core.main.CustomKeywordDelegatingMetaClass.invokeStaticMethod(CustomKeywordDelegatingMetaClass.java:46)
	at org.codehaus.groovy.runtime.callsite.StaticMetaClassSite.call(StaticMetaClassSite.java:53)
	at org.codehaus.groovy.runtime.callsite.CallSiteArray.defaultCall(CallSiteArray.java:48)
	at org.codehaus.groovy.runtime.callsite.AbstractCallSite.call(AbstractCallSite.java:113)
	at org.codehaus.groovy.runtime.callsite.AbstractCallSite.call(AbstractCallSite.java:149)
	at Script1539954232833.RunTest(Script1539954232833.groovy:30)
	at Script1539954232833$RunTest.callCurrent(Unknown Source)
	at org.codehaus.groovy.runtime.callsite.CallSiteArray.defaultCallCurrent(CallSiteArray.java:52)
	at org.codehaus.groovy.runtime.callsite.AbstractCallSite.callCurrent(AbstractCallSite.java:154)
	at org.codehaus.groovy.runtime.callsite.AbstractCallSite.callCurrent(AbstractCallSite.java:166)
	at Script1539954232833.run(Script1539954232833.groovy:22)
	at com.kms.katalon.core.main.ScriptEngine.run(ScriptEngine.java:183)
	at com.kms.katalon.core.main.ScriptEngine.runScriptAsRawText(ScriptEngine.java:108)
	at com.kms.katalon.core.main.TestCaseExecutor.runScript(TestCaseExecutor.java:294)
	at com.kms.katalon.core.main.TestCaseExecutor.doExecute(TestCaseExecutor.java:285)
	at com.kms.katalon.core.main.TestCaseExecutor.processExecutionPhase(TestCaseExecutor.java:264)
	at com.kms.katalon.core.main.TestCaseExecutor.accessMainPhase(TestCaseExecutor.java:256)
	at com.kms.katalon.core.main.TestCaseExecutor.execute(TestCaseExecutor.java:200)
	at com.kms.katalon.core.main.TestCaseMain.runTestCase(TestCaseMain.java:99)
	at com.kms.katalon.core.keyword.builtin.CallTestCaseKeyword$_callTestCase_closure1.doCall(CallTestCaseKeyword.groovy:60)
	at com.kms.katalon.core.keyword.builtin.CallTestCaseKeyword$_callTestCase_closure1.call(CallTestCaseKeyword.groovy)
	at com.kms.katalon.core.keyword.internal.KeywordMain.runKeyword(KeywordMain.groovy:54)
	at com.kms.katalon.core.keyword.builtin.CallTestCaseKeyword.callTestCase(CallTestCaseKeyword.groovy:81)
	at com.kms.katalon.core.keyword.builtin.CallTestCaseKeyword.execute(CallTestCaseKeyword.groovy:45)
	at com.kms.katalon.core.keyword.internal.KeywordExecutor.executeKeywordForPlatform(KeywordExecutor.groovy:53)
	at com.kms.katalon.core.keyword.BuiltinKeywords.callTestCase(BuiltinKeywords.groovy:334)
	at sun.reflect.NativeMethodAccessorImpl.invoke0(Native Method)
	at sun.reflect.NativeMethodAccessorImpl.invoke(NativeMethodAccessorImpl.java:62)
	at sun.reflect.DelegatingMethodAccessorImpl.invoke(DelegatingMethodAccessorImpl.java:43)
	at java.lang.reflect.Method.invoke(Method.java:498)
	at org.codehaus.groovy.reflection.CachedMethod.invoke(CachedMethod.java:93)
	at groovy.lang.MetaMethod.doMethodInvoke(MetaMethod.java:325)
	at groovy.lang.MetaClassImpl.invokeStaticMethod(MetaClassImpl.java:1469)
	at org.codehaus.groovy.runtime.callsite.StaticMetaClassSite.call(StaticMetaClassSite.java:53)
	at org.codehaus.groovy.runtime.callsite.CallSiteArray.defaultCall(CallSiteArray.java:48)
	at org.codehaus.groovy.runtime.callsite.AbstractCallSite.call(AbstractCallSite.java:113)
	at org.codehaus.groovy.runtime.callsite.AbstractCallSite.call(AbstractCallSite.java:141)
	at Script1539779914263.run(Script1539779914263.groovy:22)
	at com.kms.katalon.core.main.ScriptEngine.run(ScriptEngine.java:183)
	at com.kms.katalon.core.main.ScriptEngine.runScriptAsRawText(ScriptEngine.java:108)
	at com.kms.katalon.core.main.TestCaseExecutor.runScript(TestCaseExecutor.java:294)
	at com.kms.katalon.core.main.TestCaseExecutor.doExecute(TestCaseExecutor.java:285)
	at com.kms.katalon.core.main.TestCaseExecutor.processExecutionPhase(TestCaseExecutor.java:264)
	at com.kms.katalon.core.main.TestCaseExecutor.accessMainPhase(TestCaseExecutor.java:256)
	at com.kms.katalon.core.main.TestCaseExecutor.execute(TestCaseExecutor.java:200)
	at com.kms.katalon.core.main.TestSuiteExecutor.accessTestCaseMainPhase(TestSuiteExecutor.java:129)
	at com.kms.katalon.core.main.TestSuiteExecutor.accessTestSuiteMainPhase(TestSuiteExecutor.java:112)
	at com.kms.katalon.core.main.TestSuiteExecutor.execute(TestSuiteExecutor.java:81)
	at com.kms.katalon.core.main.TestCaseMain.startTestSuite(TestCaseMain.java:142)
	at com.kms.katalon.core.main.TestCaseMain$startTestSuite$0.call(Unknown Source)
	at org.codehaus.groovy.runtime.callsite.CallSiteArray.defaultCall(CallSiteArray.java:48)
	at org.codehaus.groovy.runtime.callsite.AbstractCallSite.call(AbstractCallSite.java:113)
	at org.codehaus.groovy.runtime.callsite.AbstractCallSite.call(AbstractCallSite.java:141)
	at TempTestSuite1540301943705.run(TempTestSuite1540301943705.groovy:36)
	at groovy.lang.GroovyShell.runScriptOrMainOrTestOrRunnable(GroovyShell.java:263)
	at groovy.lang.GroovyShell.run(GroovyShell.java:518)
	at groovy.lang.GroovyShell.run(GroovyShell.java:507)
	at groovy.ui.GroovyMain.processOnce(GroovyMain.java:653)
	at groovy.ui.GroovyMain.run(GroovyMain.java:384)
	at groovy.ui.GroovyMain.process(GroovyMain.java:370)
	at groovy.ui.GroovyMain.processArgs(GroovyMain.java:129)
	at groovy.ui.GroovyMain.main(GroovyMain.java:109)
	at sun.reflect.NativeMethodAccessorImpl.invoke0(Native Method)
	at sun.reflect.NativeMethodAccessorImpl.invoke(NativeMethodAccessorImpl.java:62)
	at sun.reflect.DelegatingMethodAccessorImpl.invoke(DelegatingMethodAccessorImpl.java:43)
	at java.lang.reflect.Method.invoke(Method.java:498)
	at org.codehaus.groovy.tools.GroovyStarter.rootLoader(GroovyStarter.java:109)
	at org.codehaus.groovy.tools.GroovyStarter.main(GroovyStarter.java:131)
)

2018-10-23 19:12:24 - [TEST_STEP][PASSED] - Statement - td = com.kms.katalon.core.testdata.TestDataFactory.findTestData(TestData/AccountPlanner): Reading excel file with source file 'C:\Users\DELL\Katalon Studio\kr_kat\Data Files\TestData\TestDataFile.xlsx' and sheet name 'ACC_PLANNER'

2018-10-23 19:12:24 - [TEST_STEP][PASSED] - Statement - Iterator = CustomKeywords.framework.Framework.GetTestDataMap(td, DID.toString()): framework.Framework.GetTestDataMap is PASSED

2018-10-23 19:12:24 - [MESSAGE][PASSED] - framework.Framework.GetTestDataMap is PASSED

2018-10-23 19:12:24 - [TEST_STEP][PASSED] - Statement - For (def Iteration : Iterator): null

2018-10-23 19:12:24 - [TEST_STEP][PASSED] - Statement - RunTest(Iteration.getValue()): null

2018-10-23 19:12:24 - [TEST_STEP][PASSED] - common.General.selectListBox: common.General.selectListBox is PASSED

2018-10-23 19:12:39 - [MESSAGE][PASSED] - Delayed 15 second(s)

2018-10-23 19:12:40 - [MESSAGE][PASSED] - Object 'Object Repository/Compass/AccountPlaner/ddb_product_selection' is clickable

2018-10-23 19:12:40 - [MESSAGE][PASSED] - Object: 'Object Repository/Compass/AccountPlaner/ddb_product_selection' is clicked on

2018-10-23 19:12:40 - [MESSAGE][PASSED] - Object '' is clickable

2018-10-23 19:12:40 - [MESSAGE][PASSED] - Object: '' is clicked on

2018-10-23 19:12:40 - [MESSAGE][PASSED] - common.General.selectListBox is PASSED

2018-10-23 19:12:40 - [TEST_STEP][FAILED] - common.General.handleDialogBox: Dialog box is not displayed

2018-10-23 19:12:40 - [MESSAGE][FAILED] - Dialog box is not displayed

2018-10-23 19:12:40 - [MESSAGE][FAILED] - Unable to call Test Case with id 'Test Cases/PageObjects/AccountPlanner/AccountPlanner_Product_Selection' (Root cause: Call Test Case 'Test Cases/PageObjects/AccountPlanner/AccountPlanner_Product_Selection' failed)]]></system-out>
         <system-err><![CDATA[2018-10-23 19:11:44 - [TEST_CASE][FAILED] - Test Cases/TestCases/35722: Test Cases/TestCases/35722 FAILED because (of) (Stack trace: com.kms.katalon.core.exception.StepFailedException: Dialog box is not displayed
	at com.kms.katalon.core.util.KeywordUtil.markFailedAndStop(KeywordUtil.java:24)
	at com.kms.katalon.core.util.KeywordUtil$markFailedAndStop.call(Unknown Source)
	at org.codehaus.groovy.runtime.callsite.CallSiteArray.defaultCall(CallSiteArray.java:48)
	at org.codehaus.groovy.runtime.callsite.AbstractCallSite.call(AbstractCallSite.java:113)
	at org.codehaus.groovy.runtime.callsite.AbstractCallSite.call(AbstractCallSite.java:125)
	at common.General.handleDialogBox(General.groovy:113)
	at sun.reflect.NativeMethodAccessorImpl.invoke0(Native Method)
	at sun.reflect.NativeMethodAccessorImpl.invoke(NativeMethodAccessorImpl.java:62)
	at sun.reflect.DelegatingMethodAccessorImpl.invoke(DelegatingMethodAccessorImpl.java:43)
	at java.lang.reflect.Method.invoke(Method.java:498)
	at org.codehaus.groovy.reflection.CachedMethod.invoke(CachedMethod.java:93)
	at groovy.lang.MetaMethod.doMethodInvoke(MetaMethod.java:325)
	at groovy.lang.MetaClassImpl.invokeMethod(MetaClassImpl.java:1215)
	at groovy.lang.MetaClassImpl.invokeMethod(MetaClassImpl.java:1024)
	at groovy.lang.MetaClassImpl.invokeMethod(MetaClassImpl.java:812)
	at groovy.lang.DelegatingMetaClass.invokeMethod(DelegatingMetaClass.java:144)
	at common.General.invokeMethod(General.groovy)
	at com.kms.katalon.core.main.CustomKeywordDelegatingMetaClass.invokeStaticMethod(CustomKeywordDelegatingMetaClass.java:46)
	at org.codehaus.groovy.runtime.callsite.StaticMetaClassSite.call(StaticMetaClassSite.java:53)
	at org.codehaus.groovy.runtime.callsite.CallSiteArray.defaultCall(CallSiteArray.java:48)
	at org.codehaus.groovy.runtime.callsite.AbstractCallSite.call(AbstractCallSite.java:113)
	at org.codehaus.groovy.runtime.callsite.AbstractCallSite.call(AbstractCallSite.java:149)
	at Script1539954232833.RunTest(Script1539954232833.groovy:30)
	at Script1539954232833$RunTest.callCurrent(Unknown Source)
	at org.codehaus.groovy.runtime.callsite.CallSiteArray.defaultCallCurrent(CallSiteArray.java:52)
	at org.codehaus.groovy.runtime.callsite.AbstractCallSite.callCurrent(AbstractCallSite.java:154)
	at org.codehaus.groovy.runtime.callsite.AbstractCallSite.callCurrent(AbstractCallSite.java:166)
	at Script1539954232833.run(Script1539954232833.groovy:22)
	at com.kms.katalon.core.main.ScriptEngine.run(ScriptEngine.java:183)
	at com.kms.katalon.core.main.ScriptEngine.runScriptAsRawText(ScriptEngine.java:108)
	at com.kms.katalon.core.main.TestCaseExecutor.runScript(TestCaseExecutor.java:294)
	at com.kms.katalon.core.main.TestCaseExecutor.doExecute(TestCaseExecutor.java:285)
	at com.kms.katalon.core.main.TestCaseExecutor.processExecutionPhase(TestCaseExecutor.java:264)
	at com.kms.katalon.core.main.TestCaseExecutor.accessMainPhase(TestCaseExecutor.java:256)
	at com.kms.katalon.core.main.TestCaseExecutor.execute(TestCaseExecutor.java:200)
	at com.kms.katalon.core.main.TestCaseMain.runTestCase(TestCaseMain.java:99)
	at com.kms.katalon.core.keyword.builtin.CallTestCaseKeyword$_callTestCase_closure1.doCall(CallTestCaseKeyword.groovy:60)
	at com.kms.katalon.core.keyword.builtin.CallTestCaseKeyword$_callTestCase_closure1.call(CallTestCaseKeyword.groovy)
	at com.kms.katalon.core.keyword.internal.KeywordMain.runKeyword(KeywordMain.groovy:54)
	at com.kms.katalon.core.keyword.builtin.CallTestCaseKeyword.callTestCase(CallTestCaseKeyword.groovy:81)
	at com.kms.katalon.core.keyword.builtin.CallTestCaseKeyword.execute(CallTestCaseKeyword.groovy:45)
	at com.kms.katalon.core.keyword.internal.KeywordExecutor.executeKeywordForPlatform(KeywordExecutor.groovy:53)
	at com.kms.katalon.core.keyword.BuiltinKeywords.callTestCase(BuiltinKeywords.groovy:334)
	at sun.reflect.NativeMethodAccessorImpl.invoke0(Native Method)
	at sun.reflect.NativeMethodAccessorImpl.invoke(NativeMethodAccessorImpl.java:62)
	at sun.reflect.DelegatingMethodAccessorImpl.invoke(DelegatingMethodAccessorImpl.java:43)
	at java.lang.reflect.Method.invoke(Method.java:498)
	at org.codehaus.groovy.reflection.CachedMethod.invoke(CachedMethod.java:93)
	at groovy.lang.MetaMethod.doMethodInvoke(MetaMethod.java:325)
	at groovy.lang.MetaClassImpl.invokeStaticMethod(MetaClassImpl.java:1469)
	at org.codehaus.groovy.runtime.callsite.StaticMetaClassSite.call(StaticMetaClassSite.java:53)
	at org.codehaus.groovy.runtime.callsite.CallSiteArray.defaultCall(CallSiteArray.java:48)
	at org.codehaus.groovy.runtime.callsite.AbstractCallSite.call(AbstractCallSite.java:113)
	at org.codehaus.groovy.runtime.callsite.AbstractCallSite.call(AbstractCallSite.java:141)
	at Script1539779914263.run(Script1539779914263.groovy:22)
	at com.kms.katalon.core.main.ScriptEngine.run(ScriptEngine.java:183)
	at com.kms.katalon.core.main.ScriptEngine.runScriptAsRawText(ScriptEngine.java:108)
	at com.kms.katalon.core.main.TestCaseExecutor.runScript(TestCaseExecutor.java:294)
	at com.kms.katalon.core.main.TestCaseExecutor.doExecute(TestCaseExecutor.java:285)
	at com.kms.katalon.core.main.TestCaseExecutor.processExecutionPhase(TestCaseExecutor.java:264)
	at com.kms.katalon.core.main.TestCaseExecutor.accessMainPhase(TestCaseExecutor.java:256)
	at com.kms.katalon.core.main.TestCaseExecutor.execute(TestCaseExecutor.java:200)
	at com.kms.katalon.core.main.TestSuiteExecutor.accessTestCaseMainPhase(TestSuiteExecutor.java:129)
	at com.kms.katalon.core.main.TestSuiteExecutor.accessTestSuiteMainPhase(TestSuiteExecutor.java:112)
	at com.kms.katalon.core.main.TestSuiteExecutor.execute(TestSuiteExecutor.java:81)
	at com.kms.katalon.core.main.TestCaseMain.startTestSuite(TestCaseMain.java:142)
	at com.kms.katalon.core.main.TestCaseMain$startTestSuite$0.call(Unknown Source)
	at org.codehaus.groovy.runtime.callsite.CallSiteArray.defaultCall(CallSiteArray.java:48)
	at org.codehaus.groovy.runtime.callsite.AbstractCallSite.call(AbstractCallSite.java:113)
	at org.codehaus.groovy.runtime.callsite.AbstractCallSite.call(AbstractCallSite.java:141)
	at TempTestSuite1540301943705.run(TempTestSuite1540301943705.groovy:36)
	at groovy.lang.GroovyShell.runScriptOrMainOrTestOrRunnable(GroovyShell.java:263)
	at groovy.lang.GroovyShell.run(GroovyShell.java:518)
	at groovy.lang.GroovyShell.run(GroovyShell.java:507)
	at groovy.ui.GroovyMain.processOnce(GroovyMain.java:653)
	at groovy.ui.GroovyMain.run(GroovyMain.java:384)
	at groovy.ui.GroovyMain.process(GroovyMain.java:370)
	at groovy.ui.GroovyMain.processArgs(GroovyMain.java:129)
	at groovy.ui.GroovyMain.main(GroovyMain.java:109)
	at sun.reflect.NativeMethodAccessorImpl.invoke0(Native Method)
	at sun.reflect.NativeMethodAccessorImpl.invoke(NativeMethodAccessorImpl.java:62)
	at sun.reflect.DelegatingMethodAccessorImpl.invoke(DelegatingMethodAccessorImpl.java:43)
	at java.lang.reflect.Method.invoke(Method.java:498)
	at org.codehaus.groovy.tools.GroovyStarter.rootLoader(GroovyStarter.java:109)
	at org.codehaus.groovy.tools.GroovyStarter.main(GroovyStarter.java:131)
)]]></system-err>
      </testcase>
      <system-out><![CDATA[2018-10-23 19:09:06 - [TEST_SUITE][FAILED] - MySuite: Test Cases/TestCases/35722 FAILED because (of) (Stack trace: com.kms.katalon.core.exception.StepFailedException: Dialog box is not displayed
	at com.kms.katalon.core.util.KeywordUtil.markFailedAndStop(KeywordUtil.java:24)
	at com.kms.katalon.core.util.KeywordUtil$markFailedAndStop.call(Unknown Source)
	at org.codehaus.groovy.runtime.callsite.CallSiteArray.defaultCall(CallSiteArray.java:48)
	at org.codehaus.groovy.runtime.callsite.AbstractCallSite.call(AbstractCallSite.java:113)
	at org.codehaus.groovy.runtime.callsite.AbstractCallSite.call(AbstractCallSite.java:125)
	at common.General.handleDialogBox(General.groovy:113)
	at sun.reflect.NativeMethodAccessorImpl.invoke0(Native Method)
	at sun.reflect.NativeMethodAccessorImpl.invoke(NativeMethodAccessorImpl.java:62)
	at sun.reflect.DelegatingMethodAccessorImpl.invoke(DelegatingMethodAccessorImpl.java:43)
	at java.lang.reflect.Method.invoke(Method.java:498)
	at org.codehaus.groovy.reflection.CachedMethod.invoke(CachedMethod.java:93)
	at groovy.lang.MetaMethod.doMethodInvoke(MetaMethod.java:325)
	at groovy.lang.MetaClassImpl.invokeMethod(MetaClassImpl.java:1215)
	at groovy.lang.MetaClassImpl.invokeMethod(MetaClassImpl.java:1024)
	at groovy.lang.MetaClassImpl.invokeMethod(MetaClassImpl.java:812)
	at groovy.lang.DelegatingMetaClass.invokeMethod(DelegatingMetaClass.java:144)
	at common.General.invokeMethod(General.groovy)
	at com.kms.katalon.core.main.CustomKeywordDelegatingMetaClass.invokeStaticMethod(CustomKeywordDelegatingMetaClass.java:46)
	at org.codehaus.groovy.runtime.callsite.StaticMetaClassSite.call(StaticMetaClassSite.java:53)
	at org.codehaus.groovy.runtime.callsite.CallSiteArray.defaultCall(CallSiteArray.java:48)
	at org.codehaus.groovy.runtime.callsite.AbstractCallSite.call(AbstractCallSite.java:113)
	at org.codehaus.groovy.runtime.callsite.AbstractCallSite.call(AbstractCallSite.java:149)
	at Script1539954232833.RunTest(Script1539954232833.groovy:30)
	at Script1539954232833$RunTest.callCurrent(Unknown Source)
	at org.codehaus.groovy.runtime.callsite.CallSiteArray.defaultCallCurrent(CallSiteArray.java:52)
	at org.codehaus.groovy.runtime.callsite.AbstractCallSite.callCurrent(AbstractCallSite.java:154)
	at org.codehaus.groovy.runtime.callsite.AbstractCallSite.callCurrent(AbstractCallSite.java:166)
	at Script1539954232833.run(Script1539954232833.groovy:22)
	at com.kms.katalon.core.main.ScriptEngine.run(ScriptEngine.java:183)
	at com.kms.katalon.core.main.ScriptEngine.runScriptAsRawText(ScriptEngine.java:108)
	at com.kms.katalon.core.main.TestCaseExecutor.runScript(TestCaseExecutor.java:294)
	at com.kms.katalon.core.main.TestCaseExecutor.doExecute(TestCaseExecutor.java:285)
	at com.kms.katalon.core.main.TestCaseExecutor.processExecutionPhase(TestCaseExecutor.java:264)
	at com.kms.katalon.core.main.TestCaseExecutor.accessMainPhase(TestCaseExecutor.java:256)
	at com.kms.katalon.core.main.TestCaseExecutor.execute(TestCaseExecutor.java:200)
	at com.kms.katalon.core.main.TestCaseMain.runTestCase(TestCaseMain.java:99)
	at com.kms.katalon.core.keyword.builtin.CallTestCaseKeyword$_callTestCase_closure1.doCall(CallTestCaseKeyword.groovy:60)
	at com.kms.katalon.core.keyword.builtin.CallTestCaseKeyword$_callTestCase_closure1.call(CallTestCaseKeyword.groovy)
	at com.kms.katalon.core.keyword.internal.KeywordMain.runKeyword(KeywordMain.groovy:54)
	at com.kms.katalon.core.keyword.builtin.CallTestCaseKeyword.callTestCase(CallTestCaseKeyword.groovy:81)
	at com.kms.katalon.core.keyword.builtin.CallTestCaseKeyword.execute(CallTestCaseKeyword.groovy:45)
	at com.kms.katalon.core.keyword.internal.KeywordExecutor.executeKeywordForPlatform(KeywordExecutor.groovy:53)
	at com.kms.katalon.core.keyword.BuiltinKeywords.callTestCase(BuiltinKeywords.groovy:334)
	at sun.reflect.NativeMethodAccessorImpl.invoke0(Native Method)
	at sun.reflect.NativeMethodAccessorImpl.invoke(NativeMethodAccessorImpl.java:62)
	at sun.reflect.DelegatingMethodAccessorImpl.invoke(DelegatingMethodAccessorImpl.java:43)
	at java.lang.reflect.Method.invoke(Method.java:498)
	at org.codehaus.groovy.reflection.CachedMethod.invoke(CachedMethod.java:93)
	at groovy.lang.MetaMethod.doMethodInvoke(MetaMethod.java:325)
	at groovy.lang.MetaClassImpl.invokeStaticMethod(MetaClassImpl.java:1469)
	at org.codehaus.groovy.runtime.callsite.StaticMetaClassSite.call(StaticMetaClassSite.java:53)
	at org.codehaus.groovy.runtime.callsite.CallSiteArray.defaultCall(CallSiteArray.java:48)
	at org.codehaus.groovy.runtime.callsite.AbstractCallSite.call(AbstractCallSite.java:113)
	at org.codehaus.groovy.runtime.callsite.AbstractCallSite.call(AbstractCallSite.java:141)
	at Script1539779914263.run(Script1539779914263.groovy:22)
	at com.kms.katalon.core.main.ScriptEngine.run(ScriptEngine.java:183)
	at com.kms.katalon.core.main.ScriptEngine.runScriptAsRawText(ScriptEngine.java:108)
	at com.kms.katalon.core.main.TestCaseExecutor.runScript(TestCaseExecutor.java:294)
	at com.kms.katalon.core.main.TestCaseExecutor.doExecute(TestCaseExecutor.java:285)
	at com.kms.katalon.core.main.TestCaseExecutor.processExecutionPhase(TestCaseExecutor.java:264)
	at com.kms.katalon.core.main.TestCaseExecutor.accessMainPhase(TestCaseExecutor.java:256)
	at com.kms.katalon.core.main.TestCaseExecutor.execute(TestCaseExecutor.java:200)
	at com.kms.katalon.core.main.TestSuiteExecutor.accessTestCaseMainPhase(TestSuiteExecutor.java:129)
	at com.kms.katalon.core.main.TestSuiteExecutor.accessTestSuiteMainPhase(TestSuiteExecutor.java:112)
	at com.kms.katalon.core.main.TestSuiteExecutor.execute(TestSuiteExecutor.java:81)
	at com.kms.katalon.core.main.TestCaseMain.startTestSuite(TestCaseMain.java:142)
	at com.kms.katalon.core.main.TestCaseMain$startTestSuite$0.call(Unknown Source)
	at org.codehaus.groovy.runtime.callsite.CallSiteArray.defaultCall(CallSiteArray.java:48)
	at org.codehaus.groovy.runtime.callsite.AbstractCallSite.call(AbstractCallSite.java:113)
	at org.codehaus.groovy.runtime.callsite.AbstractCallSite.call(AbstractCallSite.java:141)
	at TempTestSuite1540301943705.run(TempTestSuite1540301943705.groovy:36)
	at groovy.lang.GroovyShell.runScriptOrMainOrTestOrRunnable(GroovyShell.java:263)
	at groovy.lang.GroovyShell.run(GroovyShell.java:518)
	at groovy.lang.GroovyShell.run(GroovyShell.java:507)
	at groovy.ui.GroovyMain.processOnce(GroovyMain.java:653)
	at groovy.ui.GroovyMain.run(GroovyMain.java:384)
	at groovy.ui.GroovyMain.process(GroovyMain.java:370)
	at groovy.ui.GroovyMain.processArgs(GroovyMain.java:129)
	at groovy.ui.GroovyMain.main(GroovyMain.java:109)
	at sun.reflect.NativeMethodAccessorImpl.invoke0(Native Method)
	at sun.reflect.NativeMethodAccessorImpl.invoke(NativeMethodAccessorImpl.java:62)
	at sun.reflect.DelegatingMethodAccessorImpl.invoke(DelegatingMethodAccessorImpl.java:43)
	at java.lang.reflect.Method.invoke(Method.java:498)
	at org.codehaus.groovy.tools.GroovyStarter.rootLoader(GroovyStarter.java:109)
	at org.codehaus.groovy.tools.GroovyStarter.main(GroovyStarter.java:131)
)]]></system-out>
      <system-err><![CDATA[2018-10-23 19:09:06 - [TEST_SUITE][FAILED] - MySuite: Test Cases/TestCases/35722 FAILED because (of) (Stack trace: com.kms.katalon.core.exception.StepFailedException: Dialog box is not displayed
	at com.kms.katalon.core.util.KeywordUtil.markFailedAndStop(KeywordUtil.java:24)
	at com.kms.katalon.core.util.KeywordUtil$markFailedAndStop.call(Unknown Source)
	at org.codehaus.groovy.runtime.callsite.CallSiteArray.defaultCall(CallSiteArray.java:48)
	at org.codehaus.groovy.runtime.callsite.AbstractCallSite.call(AbstractCallSite.java:113)
	at org.codehaus.groovy.runtime.callsite.AbstractCallSite.call(AbstractCallSite.java:125)
	at common.General.handleDialogBox(General.groovy:113)
	at sun.reflect.NativeMethodAccessorImpl.invoke0(Native Method)
	at sun.reflect.NativeMethodAccessorImpl.invoke(NativeMethodAccessorImpl.java:62)
	at sun.reflect.DelegatingMethodAccessorImpl.invoke(DelegatingMethodAccessorImpl.java:43)
	at java.lang.reflect.Method.invoke(Method.java:498)
	at org.codehaus.groovy.reflection.CachedMethod.invoke(CachedMethod.java:93)
	at groovy.lang.MetaMethod.doMethodInvoke(MetaMethod.java:325)
	at groovy.lang.MetaClassImpl.invokeMethod(MetaClassImpl.java:1215)
	at groovy.lang.MetaClassImpl.invokeMethod(MetaClassImpl.java:1024)
	at groovy.lang.MetaClassImpl.invokeMethod(MetaClassImpl.java:812)
	at groovy.lang.DelegatingMetaClass.invokeMethod(DelegatingMetaClass.java:144)
	at common.General.invokeMethod(General.groovy)
	at com.kms.katalon.core.main.CustomKeywordDelegatingMetaClass.invokeStaticMethod(CustomKeywordDelegatingMetaClass.java:46)
	at org.codehaus.groovy.runtime.callsite.StaticMetaClassSite.call(StaticMetaClassSite.java:53)
	at org.codehaus.groovy.runtime.callsite.CallSiteArray.defaultCall(CallSiteArray.java:48)
	at org.codehaus.groovy.runtime.callsite.AbstractCallSite.call(AbstractCallSite.java:113)
	at org.codehaus.groovy.runtime.callsite.AbstractCallSite.call(AbstractCallSite.java:149)
	at Script1539954232833.RunTest(Script1539954232833.groovy:30)
	at Script1539954232833$RunTest.callCurrent(Unknown Source)
	at org.codehaus.groovy.runtime.callsite.CallSiteArray.defaultCallCurrent(CallSiteArray.java:52)
	at org.codehaus.groovy.runtime.callsite.AbstractCallSite.callCurrent(AbstractCallSite.java:154)
	at org.codehaus.groovy.runtime.callsite.AbstractCallSite.callCurrent(AbstractCallSite.java:166)
	at Script1539954232833.run(Script1539954232833.groovy:22)
	at com.kms.katalon.core.main.ScriptEngine.run(ScriptEngine.java:183)
	at com.kms.katalon.core.main.ScriptEngine.runScriptAsRawText(ScriptEngine.java:108)
	at com.kms.katalon.core.main.TestCaseExecutor.runScript(TestCaseExecutor.java:294)
	at com.kms.katalon.core.main.TestCaseExecutor.doExecute(TestCaseExecutor.java:285)
	at com.kms.katalon.core.main.TestCaseExecutor.processExecutionPhase(TestCaseExecutor.java:264)
	at com.kms.katalon.core.main.TestCaseExecutor.accessMainPhase(TestCaseExecutor.java:256)
	at com.kms.katalon.core.main.TestCaseExecutor.execute(TestCaseExecutor.java:200)
	at com.kms.katalon.core.main.TestCaseMain.runTestCase(TestCaseMain.java:99)
	at com.kms.katalon.core.keyword.builtin.CallTestCaseKeyword$_callTestCase_closure1.doCall(CallTestCaseKeyword.groovy:60)
	at com.kms.katalon.core.keyword.builtin.CallTestCaseKeyword$_callTestCase_closure1.call(CallTestCaseKeyword.groovy)
	at com.kms.katalon.core.keyword.internal.KeywordMain.runKeyword(KeywordMain.groovy:54)
	at com.kms.katalon.core.keyword.builtin.CallTestCaseKeyword.callTestCase(CallTestCaseKeyword.groovy:81)
	at com.kms.katalon.core.keyword.builtin.CallTestCaseKeyword.execute(CallTestCaseKeyword.groovy:45)
	at com.kms.katalon.core.keyword.internal.KeywordExecutor.executeKeywordForPlatform(KeywordExecutor.groovy:53)
	at com.kms.katalon.core.keyword.BuiltinKeywords.callTestCase(BuiltinKeywords.groovy:334)
	at sun.reflect.NativeMethodAccessorImpl.invoke0(Native Method)
	at sun.reflect.NativeMethodAccessorImpl.invoke(NativeMethodAccessorImpl.java:62)
	at sun.reflect.DelegatingMethodAccessorImpl.invoke(DelegatingMethodAccessorImpl.java:43)
	at java.lang.reflect.Method.invoke(Method.java:498)
	at org.codehaus.groovy.reflection.CachedMethod.invoke(CachedMethod.java:93)
	at groovy.lang.MetaMethod.doMethodInvoke(MetaMethod.java:325)
	at groovy.lang.MetaClassImpl.invokeStaticMethod(MetaClassImpl.java:1469)
	at org.codehaus.groovy.runtime.callsite.StaticMetaClassSite.call(StaticMetaClassSite.java:53)
	at org.codehaus.groovy.runtime.callsite.CallSiteArray.defaultCall(CallSiteArray.java:48)
	at org.codehaus.groovy.runtime.callsite.AbstractCallSite.call(AbstractCallSite.java:113)
	at org.codehaus.groovy.runtime.callsite.AbstractCallSite.call(AbstractCallSite.java:141)
	at Script1539779914263.run(Script1539779914263.groovy:22)
	at com.kms.katalon.core.main.ScriptEngine.run(ScriptEngine.java:183)
	at com.kms.katalon.core.main.ScriptEngine.runScriptAsRawText(ScriptEngine.java:108)
	at com.kms.katalon.core.main.TestCaseExecutor.runScript(TestCaseExecutor.java:294)
	at com.kms.katalon.core.main.TestCaseExecutor.doExecute(TestCaseExecutor.java:285)
	at com.kms.katalon.core.main.TestCaseExecutor.processExecutionPhase(TestCaseExecutor.java:264)
	at com.kms.katalon.core.main.TestCaseExecutor.accessMainPhase(TestCaseExecutor.java:256)
	at com.kms.katalon.core.main.TestCaseExecutor.execute(TestCaseExecutor.java:200)
	at com.kms.katalon.core.main.TestSuiteExecutor.accessTestCaseMainPhase(TestSuiteExecutor.java:129)
	at com.kms.katalon.core.main.TestSuiteExecutor.accessTestSuiteMainPhase(TestSuiteExecutor.java:112)
	at com.kms.katalon.core.main.TestSuiteExecutor.execute(TestSuiteExecutor.java:81)
	at com.kms.katalon.core.main.TestCaseMain.startTestSuite(TestCaseMain.java:142)
	at com.kms.katalon.core.main.TestCaseMain$startTestSuite$0.call(Unknown Source)
	at org.codehaus.groovy.runtime.callsite.CallSiteArray.defaultCall(CallSiteArray.java:48)
	at org.codehaus.groovy.runtime.callsite.AbstractCallSite.call(AbstractCallSite.java:113)
	at org.codehaus.groovy.runtime.callsite.AbstractCallSite.call(AbstractCallSite.java:141)
	at TempTestSuite1540301943705.run(TempTestSuite1540301943705.groovy:36)
	at groovy.lang.GroovyShell.runScriptOrMainOrTestOrRunnable(GroovyShell.java:263)
	at groovy.lang.GroovyShell.run(GroovyShell.java:518)
	at groovy.lang.GroovyShell.run(GroovyShell.java:507)
	at groovy.ui.GroovyMain.processOnce(GroovyMain.java:653)
	at groovy.ui.GroovyMain.run(GroovyMain.java:384)
	at groovy.ui.GroovyMain.process(GroovyMain.java:370)
	at groovy.ui.GroovyMain.processArgs(GroovyMain.java:129)
	at groovy.ui.GroovyMain.main(GroovyMain.java:109)
	at sun.reflect.NativeMethodAccessorImpl.invoke0(Native Method)
	at sun.reflect.NativeMethodAccessorImpl.invoke(NativeMethodAccessorImpl.java:62)
	at sun.reflect.DelegatingMethodAccessorImpl.invoke(DelegatingMethodAccessorImpl.java:43)
	at java.lang.reflect.Method.invoke(Method.java:498)
	at org.codehaus.groovy.tools.GroovyStarter.rootLoader(GroovyStarter.java:109)
	at org.codehaus.groovy.tools.GroovyStarter.main(GroovyStarter.java:131)
)]]></system-err>
   </testsuite>
</testsuites>
